Importing extended Gerber file: Placement.gdo.
Importing extended Gerber file: LayerTop.gdo.
Warning: Remapping D10 to D12.
Warning: Remapping D12 to D13.
Warning: Remapping D11 to D14.
Warning: Remapping D14 to D15.
Warning: Remapping D15 to D16.
Warning: Remapping D13 to D17.
Warning: Remapping D16 to D20.
Warning: Remapping D17 to D21.
Importing extended Gerber file: LayerBott.gdo.
Warning: Remapping D16 to D22.
Importing extended Gerber file: Holes.gdo.
Warning: Remapping D10 to D23.
Warning: Remapping D15 to D24.
Warning: Remapping D12 to D25.
Warning: Remapping D13 to D26.
Warning: Remapping D11 to D27.
Warning: Remapping D14 to D28.
Warning: Remapping D16 to D29.
Importing extended Gerber file: Border.gdo.
Import Complete.
